Copyright 1986-2022 Xilinx, Inc. All Rights Reserved. Copyright 2022-2025 Advanced Micro Devices, Inc. All Rights Reserved.
-------------------------------------------------------------------------------------------------------------------------------------------------------------------------------
| Tool Version     : Vivado v.2024.2.2 (win64) Build 6060944 Thu Mar 06 19:10:01 MST 2025
| Date             : Mon Jul 21 12:10:18 2025
| Host             : Jupiter running 64-bit major release  (build 9200)
| Command          : report_power -file pfet_system_wrapper_power_routed.rpt -pb pfet_system_wrapper_power_summary_routed.pb -rpx pfet_system_wrapper_power_routed.rpx
| Design           : pfet_system_wrapper
| Device           : xc7z020clg400-1
| Design State     : routed
| Grade            : commercial
| Process          : typical
| Characterization : Production
-------------------------------------------------------------------------------------------------------------------------------------------------------------------------------

Power Report

Table of Contents
-----------------
1. Summary
1.1 On-Chip Components
1.2 Power Supply Summary
1.3 Confidence Level
2. Settings
2.1 Environment
2.2 Clock Constraints
3. Detailed Reports
3.1 By Hierarchy

1. Summary
----------

+--------------------------+--------------+
| Total On-Chip Power (W)  | 1.571        |
| Design Power Budget (W)  | Unspecified* |
| Power Budget Margin (W)  | NA           |
| Dynamic (W)              | 1.430        |
| Device Static (W)        | 0.142        |
| Effective TJA (C/W)      | 11.5         |
| Max Ambient (C)          | 66.9         |
| Junction Temperature (C) | 43.1         |
| Confidence Level         | Low          |
| Setting File             | ---          |
| Simulation Activity File | ---          |
| Design Nets Matched      | NA           |
+--------------------------+--------------+
* Specify Design Power Budget using, set_operating_conditions -design_power_budget <value in Watts>


1.1 On-Chip Components
----------------------

+--------------------------+-----------+----------+-----------+-----------------+
| On-Chip                  | Power (W) | Used     | Available | Utilization (%) |
+--------------------------+-----------+----------+-----------+-----------------+
| Clocks                   |     0.016 |        3 |       --- |             --- |
| Slice Logic              |     0.006 |    18559 |       --- |             --- |
|   LUT as Logic           |     0.005 |     5374 |     53200 |           10.10 |
|   LUT as Distributed RAM |    <0.001 |      668 |     17400 |            3.84 |
|   Register               |    <0.001 |     8907 |    106400 |            8.37 |
|   CARRY4                 |    <0.001 |       87 |     13300 |            0.65 |
|   LUT as Shift Register  |    <0.001 |      149 |     17400 |            0.86 |
|   Others                 |     0.000 |     1035 |       --- |             --- |
| Signals                  |     0.006 |    12196 |       --- |             --- |
| Block RAM                |    <0.001 |      2.5 |       140 |            1.79 |
| I/O                      |    <0.001 |       12 |       125 |            9.60 |
| XADC                     |    <0.001 |        1 |       --- |             --- |
| PS7                      |     1.401 |        1 |       --- |             --- |
| Static Power             |     0.142 |          |           |                 |
| Total                    |     1.571 |          |           |                 |
+--------------------------+-----------+----------+-----------+-----------------+


1.2 Power Supply Summary
------------------------

+-----------+-------------+-----------+-------------+------------+-------------+-------------+------------+
| Source    | Voltage (V) | Total (A) | Dynamic (A) | Static (A) | Powerup (A) | Budget (A)  | Margin (A) |
+-----------+-------------+-----------+-------------+------------+-------------+-------------+------------+
| Vccint    |       1.000 |     0.042 |       0.028 |      0.014 |       NA    | Unspecified | NA         |
| Vccaux    |       1.800 |     0.015 |       0.000 |      0.015 |       NA    | Unspecified | NA         |
| Vcco33    |       3.300 |     0.001 |       0.000 |      0.001 |       NA    | Unspecified | NA         |
| Vcco25    |       2.500 |     0.000 |       0.000 |      0.000 |       NA    | Unspecified | NA         |
| Vcco18    |       1.800 |     0.000 |       0.000 |      0.000 |       NA    | Unspecified | NA         |
| Vcco15    |       1.500 |     0.000 |       0.000 |      0.000 |       NA    | Unspecified | NA         |
| Vcco135   |       1.350 |     0.000 |       0.000 |      0.000 |       NA    | Unspecified | NA         |
| Vcco12    |       1.200 |     0.000 |       0.000 |      0.000 |       NA    | Unspecified | NA         |
| Vccaux_io |       1.800 |     0.000 |       0.000 |      0.000 |       NA    | Unspecified | NA         |
| Vccbram   |       1.000 |     0.001 |       0.000 |      0.001 |       NA    | Unspecified | NA         |
| MGTAVcc   |       1.000 |     0.000 |       0.000 |      0.000 |       NA    | Unspecified | NA         |
| MGTAVtt   |       1.200 |     0.000 |       0.000 |      0.000 |       NA    | Unspecified | NA         |
| MGTVccaux |       1.800 |     0.000 |       0.000 |      0.000 |       NA    | Unspecified | NA         |
| Vccpint   |       1.000 |     0.748 |       0.719 |      0.029 |       NA    | Unspecified | NA         |
| Vccpaux   |       1.800 |     0.061 |       0.051 |      0.010 |       NA    | Unspecified | NA         |
| Vccpll    |       1.800 |     0.017 |       0.014 |      0.003 |       NA    | Unspecified | NA         |
| Vcco_ddr  |       1.350 |     0.413 |       0.411 |      0.002 |       NA    | Unspecified | NA         |
| Vcco_mio0 |       3.300 |     0.003 |       0.002 |      0.001 |       NA    | Unspecified | NA         |
| Vcco_mio1 |       1.800 |     0.003 |       0.002 |      0.001 |       NA    | Unspecified | NA         |
| Vccadc    |       1.800 |     0.020 |       0.000 |      0.020 |       NA    | Unspecified | NA         |
+-----------+-------------+-----------+-------------+------------+-------------+-------------+------------+


1.3 Confidence Level
--------------------

+-----------------------------+------------+--------------------------------------------------------+------------------------------------------------------------------------------------------------------------+
| User Input Data             | Confidence | Details                                                | Action                                                                                                     |
+-----------------------------+------------+--------------------------------------------------------+------------------------------------------------------------------------------------------------------------+
| Design implementation state | High       | Design is routed                                       |                                                                                                            |
| Clock nodes activity        | High       | User specified more than 95% of clocks                 |                                                                                                            |
| I/O nodes activity          | Low        | More than 75% of inputs are missing user specification | Provide missing input activity with simulation results or by editing the "By Resource Type -> I/Os" view   |
| Internal nodes activity     | Medium     | User specified less than 25% of internal nodes         | Provide missing internal nodes activity with simulation results or by editing the "By Resource Type" views |
| Device models               | High       | Device models are Production                           |                                                                                                            |
|                             |            |                                                        |                                                                                                            |
| Overall confidence level    | Low        |                                                        |                                                                                                            |
+-----------------------------+------------+--------------------------------------------------------+------------------------------------------------------------------------------------------------------------+


2. Settings
-----------

2.1 Environment
---------------

+-----------------------+------------------------+
| Ambient Temp (C)      | 25.0                   |
| ThetaJA (C/W)         | 11.5                   |
| Airflow (LFM)         | 250                    |
| Heat Sink             | none                   |
| ThetaSA (C/W)         | 0.0                    |
| Board Selection       | medium (10"x10")       |
| # of Board Layers     | 8to11 (8 to 11 Layers) |
| Board Temperature (C) | 25.0                   |
+-----------------------+------------------------+


2.2 Clock Constraints
---------------------

+------------+----------------------------------------------------------------+-----------------+
| Clock      | Domain                                                         | Constraint (ns) |
+------------+----------------------------------------------------------------+-----------------+
| clk_fpga_0 | pfet_system_i/processing_system7_0/inst/FCLK_CLK_unbuffered[0] |            20.0 |
+------------+----------------------------------------------------------------+-----------------+


3. Detailed Reports
-------------------

3.1 By Hierarchy
----------------

+--------------------------+-----------+
| Name                     | Power (W) |
+--------------------------+-----------+
| pfet_system_wrapper      |     1.430 |
|   pfet_system_i          |     1.430 |
|     axi_dma_0            |     0.006 |
|       U0                 |     0.006 |
|     axi_smc              |     0.003 |
|       inst               |     0.003 |
|     processing_system7_0 |     1.401 |
|       inst               |     1.401 |
|     smartconnect_0       |     0.017 |
|       inst               |     0.017 |
|     xadc_wiz_0           |     0.002 |
|       inst               |     0.002 |
+--------------------------+-----------+


