Copyright 1986-2022 Xilinx, Inc. All Rights Reserved. Copyright 2022-2024 Advanced Micro Devices, Inc. All Rights Reserved.
-----------------------------------------------------------------------------------------------------------------------------------------------------------------------------------------------
| Tool Version : Vivado v.2024.2.1 (win64) Build 5266912 Sun Dec 15 09:03:24 MST 2024
| Date         : Tue Jan 14 13:43:22 2025
| Host         : Jupiter running 64-bit major release  (build 9200)
| Command      : report_methodology -file pfet_system_wrapper_methodology_drc_routed.rpt -pb pfet_system_wrapper_methodology_drc_routed.pb -rpx pfet_system_wrapper_methodology_drc_routed.rpx
| Design       : pfet_system_wrapper
| Device       : xc7z020clg400-1
| Speed File   : -1
| Design State : Fully Routed
-----------------------------------------------------------------------------------------------------------------------------------------------------------------------------------------------

Report Methodology

Table of Contents
-----------------
1. REPORT SUMMARY
2. REPORT DETAILS

1. REPORT SUMMARY
-----------------
            Netlist: netlist
          Floorplan: design_1
      Design limits: <entire design considered>
             Max checks: <unlimited>
             Checks found: 4
+-----------+----------+-------------------------------+--------+
| Rule      | Severity | Description                   | Checks |
+-----------+----------+-------------------------------+--------+
| TIMING-18 | Warning  | Missing input or output delay | 4      |
+-----------+----------+-------------------------------+--------+

2. REPORT DETAILS
-----------------
TIMING-18#1 Warning
Missing input or output delay  
An output delay is missing on leds_4bits_tri_o[0] relative to the rising and/or falling clock edge(s) of clk_fpga_0.
Related violations: <none>

TIMING-18#2 Warning
Missing input or output delay  
An output delay is missing on leds_4bits_tri_o[1] relative to the rising and/or falling clock edge(s) of clk_fpga_0.
Related violations: <none>

TIMING-18#3 Warning
Missing input or output delay  
An output delay is missing on leds_4bits_tri_o[2] relative to the rising and/or falling clock edge(s) of clk_fpga_0.
Related violations: <none>

TIMING-18#4 Warning
Missing input or output delay  
An output delay is missing on leds_4bits_tri_o[3] relative to the rising and/or falling clock edge(s) of clk_fpga_0.
Related violations: <none>


